24-12-23 16:03:01 [main] INFO   o.s.t.c.s.AnnotationConfigContextLoaderUtils ---- Could not detect default configuration classes for test class [com.learning.journal.services.EmailServiceTest]: EmailServiceTest does not declare any static, non-private, non-final, nested classes annotated with @Configuration. 
24-12-23 16:03:01 [main] INFO   o.s.b.t.c.SpringBootTestContextBootstrapper ---- Found @SpringBootConfiguration com.learning.journal.JournalApplication for test class com.learning.journal.services.EmailServiceTest 
24-12-23 16:03:02 [main] INFO   c.l.j.services.EmailServiceTest ---- Starting EmailServiceTest using Java 17.0.12 with PID 10804 (started by MADAN MOHAN in C:\Workspace\code\learning\journal) 
24-12-23 16:03:02 [main] INFO   c.l.j.services.EmailServiceTest ---- The following 1 profile is active: "dev" 
24-12-23 16:03:03 [main] INFO   o.s.d.r.c.RepositoryConfigurationDelegate ---- Bootstrapping Spring Data MongoDB repositories in DEFAULT mode. 
24-12-23 16:03:03 [main] INFO   o.s.d.r.c.RepositoryConfigurationDelegate ---- Finished Spring Data repository scanning in 99 ms. Found 2 MongoDB repository interfaces. 
24-12-23 16:03:04 [cluster-ClusterId{value='67693c60dfeeb34626c46863', description='Cluster0'}-srv-cluster0.w1nis.mongodb.net] INFO   org.mongodb.driver.cluster ---- Adding discovered server cluster0-shard-00-00.w1nis.mongodb.net:27017 to client view of cluster 
24-12-23 16:03:04 [main] INFO   org.mongodb.driver.client ---- MongoClient with metadata {"application": {"name": "Cluster0"}, "driver": {"name": "mongo-java-driver|sync|spring-boot", "version": "5.2.1"}, "os": {"type": "Windows", "name": "Windows 11", "architecture": "amd64", "version": "10.0"}, "platform": "Java/Oracle Corporation/17.0.12+8-LTS-286"} created with settings MongoClientSettings{readPreference=primary, writeConcern=WriteConcern{w=majority, wTimeout=null ms, journal=null}, retryWrites=true, retryReads=true, readConcern=ReadConcern{level=null}, credential=MongoCredential{mechanism=null, userName='madan', source='admin', password=<hidden>, mechanismProperties=<hidden>}, transportSettings=null, commandListeners=[], codecRegistry=ProvidersCodecRegistry{codecProviders=[ValueCodecProvider{}, BsonValueCodecProvider{}, DBRefCodecProvider{}, DBObjectCodecProvider{}, DocumentCodecProvider{}, CollectionCodecProvider{}, IterableCodecProvider{}, MapCodecProvider{}, GeoJsonCodecProvider{}, GridFSFileCodecProvider{}, Jsr310CodecProvider{}, JsonObjectCodecProvider{}, BsonCodecProvider{}, EnumCodecProvider{}, com.mongodb.client.model.mql.ExpressionCodecProvider@b6bccb4, com.mongodb.Jep395RecordCodecProvider@49edcb30, com.mongodb.KotlinCodecProvider@59303963]}, loggerSettings=LoggerSettings{maxDocumentLength=1000}, clusterSettings={hosts=[127.0.0.1:27017], srvHost=cluster0.w1nis.mongodb.net, srvServiceName=mongodb, mode=MULTIPLE, requiredClusterType=REPLICA_SET, requiredReplicaSetName='atlas-tp87g7-shard-0', serverSelector='null', clusterListeners='[]', serverSelectionTimeout='30000 ms', localThreshold='15 ms'}, socketSettings=SocketSettings{connectTimeoutMS=10000, readTimeoutMS=0, receiveBufferSize=0, proxySettings=ProxySettings{host=null, port=null, username=null, password=null}}, heartbeatSocketSettings=SocketSettings{connectTimeoutMS=10000, readTimeoutMS=10000, receiveBufferSize=0, proxySettings=ProxySettings{host=null, port=null, username=null, password=null}}, connectionPoolSettings=ConnectionPoolSettings{maxSize=100, minSize=0, maxWaitTimeMS=120000, maxConnectionLifeTimeMS=0, maxConnectionIdleTimeMS=0, maintenanceInitialDelayMS=0, maintenanceFrequencyMS=60000, connectionPoolListeners=[], maxConnecting=2}, serverSettings=ServerSettings{heartbeatFrequencyMS=10000, minHeartbeatFrequencyMS=500, serverMonitoringMode=AUTO, serverListeners='[]', serverMonitorListeners='[]'}, sslSettings=SslSettings{enabled=true, invalidHostNameAllowed=false, context=null}, applicationName='Cluster0', compressorList=[], uuidRepresentation=JAVA_LEGACY, serverApi=null, autoEncryptionSettings=null, dnsClient=null, inetAddressResolver=null, contextProvider=null, timeoutMS=null} 
24-12-23 16:03:04 [cluster-ClusterId{value='67693c60dfeeb34626c46863', description='Cluster0'}-srv-cluster0.w1nis.mongodb.net] INFO   org.mongodb.driver.cluster ---- Adding discovered server cluster0-shard-00-02.w1nis.mongodb.net:27017 to client view of cluster 
24-12-23 16:03:04 [cluster-ClusterId{value='67693c60dfeeb34626c46863', description='Cluster0'}-srv-cluster0.w1nis.mongodb.net] INFO   org.mongodb.driver.cluster ---- Adding discovered server cluster0-shard-00-01.w1nis.mongodb.net:27017 to client view of cluster 
24-12-23 16:03:05 [main] INFO   org.mongodb.driver.cluster ---- Waiting for server to become available for operation with ID 5. Remaining time: 29981 ms. Selector: WritableServerSelector, topology description: {type=REPLICA_SET, servers=[{address=cluster0-shard-00-02.w1nis.mongodb.net:27017, type=UNKNOWN, state=CONNECTING}, {address=cluster0-shard-00-01.w1nis.mongodb.net:27017, type=UNKNOWN, state=CONNECTING}, {address=cluster0-shard-00-00.w1nis.mongodb.net:27017, type=UNKNOWN, state=CONNECTING}]. 
24-12-23 16:03:05 [cluster-ClusterId{value='67693c60dfeeb34626c46863', description='Cluster0'}-cluster0-shard-00-01.w1nis.mongodb.net:27017] INFO   org.mongodb.driver.cluster ---- Monitor thread successfully connected to server with description ServerDescription{address=cluster0-shard-00-01.w1nis.mongodb.net:27017, type=REPLICA_SET_SECONDARY, cryptd=false, state=CONNECTED, ok=true, minWireVersion=0, maxWireVersion=25, maxDocumentSize=16777216, logicalSessionTimeoutMinutes=30, roundTripTimeNanos=413336500, minRoundTripTimeNanos=0, setName='atlas-tp87g7-shard-0', canonicalAddress=cluster0-shard-00-01.w1nis.mongodb.net:27017, hosts=[cluster0-shard-00-00.w1nis.mongodb.net:27017, cluster0-shard-00-01.w1nis.mongodb.net:27017, cluster0-shard-00-02.w1nis.mongodb.net:27017], passives=[], arbiters=[], primary='cluster0-shard-00-02.w1nis.mongodb.net:27017', tagSet=TagSet{[Tag{name='availabilityZone', value='aps1-az3'}, Tag{name='diskState', value='READY'}, Tag{name='nodeType', value='ELECTABLE'}, Tag{name='provider', value='AWS'}, Tag{name='region', value='AP_SOUTH_1'}, Tag{name='workloadType', value='OPERATIONAL'}]}, electionId=null, setVersion=188, topologyVersion=TopologyVersion{processId=676917bef2d0c227302e5cbe, counter=5}, lastWriteDate=Mon Dec 23 16:03:05 IST 2024, lastUpdateTimeNanos=16515172175700} 
24-12-23 16:03:05 [cluster-ClusterId{value='67693c60dfeeb34626c46863', description='Cluster0'}-cluster0-shard-00-02.w1nis.mongodb.net:27017] INFO   org.mongodb.driver.cluster ---- Monitor thread successfully connected to server with description ServerDescription{address=cluster0-shard-00-02.w1nis.mongodb.net:27017, type=REPLICA_SET_PRIMARY, cryptd=false, state=CONNECTED, ok=true, minWireVersion=0, maxWireVersion=25, maxDocumentSize=16777216, logicalSessionTimeoutMinutes=30, roundTripTimeNanos=409784701, minRoundTripTimeNanos=0, setName='atlas-tp87g7-shard-0', canonicalAddress=cluster0-shard-00-02.w1nis.mongodb.net:27017, hosts=[cluster0-shard-00-00.w1nis.mongodb.net:27017, cluster0-shard-00-01.w1nis.mongodb.net:27017, cluster0-shard-00-02.w1nis.mongodb.net:27017], passives=[], arbiters=[], primary='cluster0-shard-00-02.w1nis.mongodb.net:27017', tagSet=TagSet{[Tag{name='availabilityZone', value='aps1-az2'}, Tag{name='diskState', value='READY'}, Tag{name='nodeType', value='ELECTABLE'}, Tag{name='provider', value='AWS'}, Tag{name='region', value='AP_SOUTH_1'}, Tag{name='workloadType', value='OPERATIONAL'}]}, electionId=7fffffff00000000000000ac, setVersion=188, topologyVersion=TopologyVersion{processId=6769157c451a7b3f65902e92, counter=9}, lastWriteDate=Mon Dec 23 16:03:05 IST 2024, lastUpdateTimeNanos=16515172175700} 
24-12-23 16:03:05 [cluster-ClusterId{value='67693c60dfeeb34626c46863', description='Cluster0'}-cluster0-shard-00-00.w1nis.mongodb.net:27017] INFO   org.mongodb.driver.cluster ---- Monitor thread successfully connected to server with description ServerDescription{address=cluster0-shard-00-00.w1nis.mongodb.net:27017, type=REPLICA_SET_SECONDARY, cryptd=false, state=CONNECTED, ok=true, minWireVersion=0, maxWireVersion=25, maxDocumentSize=16777216, logicalSessionTimeoutMinutes=30, roundTripTimeNanos=412913200, minRoundTripTimeNanos=0, setName='atlas-tp87g7-shard-0', canonicalAddress=cluster0-shard-00-00.w1nis.mongodb.net:27017, hosts=[cluster0-shard-00-00.w1nis.mongodb.net:27017, cluster0-shard-00-01.w1nis.mongodb.net:27017, cluster0-shard-00-02.w1nis.mongodb.net:27017], passives=[], arbiters=[], primary='cluster0-shard-00-02.w1nis.mongodb.net:27017', tagSet=TagSet{[Tag{name='availabilityZone', value='aps1-az1'}, Tag{name='diskState', value='READY'}, Tag{name='nodeType', value='ELECTABLE'}, Tag{name='provider', value='AWS'}, Tag{name='region', value='AP_SOUTH_1'}, Tag{name='workloadType', value='OPERATIONAL'}]}, electionId=null, setVersion=188, topologyVersion=TopologyVersion{processId=6769166f24aed70ee51aa967, counter=5}, lastWriteDate=Mon Dec 23 16:03:05 IST 2024, lastUpdateTimeNanos=16515172175900} 
24-12-23 16:03:05 [cluster-ClusterId{value='67693c60dfeeb34626c46863', description='Cluster0'}-cluster0-shard-00-02.w1nis.mongodb.net:27017] INFO   org.mongodb.driver.cluster ---- Discovered replica set primary cluster0-shard-00-02.w1nis.mongodb.net:27017 with max election id 7fffffff00000000000000ac and max set version 188 
24-12-23 16:03:06 [main] INFO   o.s.s.c.a.a.c.InitializeAuthenticationProviderBeanManagerConfigurer$InitializeAuthenticationProviderManagerConfigurer ---- Global AuthenticationManager configured with AuthenticationProvider bean with name authenticationProvider 
24-12-23 16:03:06 [main] WARN   o.s.s.c.a.a.c.InitializeUserDetailsBeanManagerConfigurer$InitializeUserDetailsManagerConfigurer ---- Global AuthenticationManager configured with an AuthenticationProvider bean. UserDetailsService beans will not be used by Spring Security for automatically configuring username/password login. Consider removing the AuthenticationProvider bean. Alternatively, consider using the UserDetailsService in a manually instantiated DaoAuthenticationProvider. If the current configuration is intentional, to turn off this warning, increase the logging level of 'org.springframework.security.config.annotation.authentication.configuration.InitializeUserDetailsBeanManagerConfigurer' to ERROR 
24-12-23 16:03:07 [main] INFO   c.l.j.services.EmailServiceTest ---- Started EmailServiceTest in 5.695 seconds (process running for 8.304) 
24-12-23 16:03:57 [main] INFO   o.s.t.c.s.AnnotationConfigContextLoaderUtils ---- Could not detect default configuration classes for test class [com.learning.journal.services.EmailServiceTest]: EmailServiceTest does not declare any static, non-private, non-final, nested classes annotated with @Configuration. 
24-12-23 16:03:57 [main] INFO   o.s.b.t.c.SpringBootTestContextBootstrapper ---- Found @SpringBootConfiguration com.learning.journal.JournalApplication for test class com.learning.journal.services.EmailServiceTest 
24-12-23 16:03:58 [main] INFO   c.l.j.services.EmailServiceTest ---- Starting EmailServiceTest using Java 17.0.12 with PID 16188 (started by MADAN MOHAN in C:\Workspace\code\learning\journal) 
24-12-23 16:03:58 [main] INFO   c.l.j.services.EmailServiceTest ---- The following 1 profile is active: "dev" 
24-12-23 16:03:59 [main] INFO   o.s.d.r.c.RepositoryConfigurationDelegate ---- Bootstrapping Spring Data MongoDB repositories in DEFAULT mode. 
24-12-23 16:04:00 [main] INFO   o.s.d.r.c.RepositoryConfigurationDelegate ---- Finished Spring Data repository scanning in 119 ms. Found 2 MongoDB repository interfaces. 
24-12-23 16:04:00 [cluster-ClusterId{value='67693c983c050010f12561da', description='Cluster0'}-srv-cluster0.w1nis.mongodb.net] INFO   org.mongodb.driver.cluster ---- Adding discovered server cluster0-shard-00-00.w1nis.mongodb.net:27017 to client view of cluster 
24-12-23 16:04:00 [main] INFO   org.mongodb.driver.client ---- MongoClient with metadata {"application": {"name": "Cluster0"}, "driver": {"name": "mongo-java-driver|sync|spring-boot", "version": "5.2.1"}, "os": {"type": "Windows", "name": "Windows 11", "architecture": "amd64", "version": "10.0"}, "platform": "Java/Oracle Corporation/17.0.12+8-LTS-286"} created with settings MongoClientSettings{readPreference=primary, writeConcern=WriteConcern{w=majority, wTimeout=null ms, journal=null}, retryWrites=true, retryReads=true, readConcern=ReadConcern{level=null}, credential=MongoCredential{mechanism=null, userName='madan', source='admin', password=<hidden>, mechanismProperties=<hidden>}, transportSettings=null, commandListeners=[], codecRegistry=ProvidersCodecRegistry{codecProviders=[ValueCodecProvider{}, BsonValueCodecProvider{}, DBRefCodecProvider{}, DBObjectCodecProvider{}, DocumentCodecProvider{}, CollectionCodecProvider{}, IterableCodecProvider{}, MapCodecProvider{}, GeoJsonCodecProvider{}, GridFSFileCodecProvider{}, Jsr310CodecProvider{}, JsonObjectCodecProvider{}, BsonCodecProvider{}, EnumCodecProvider{}, com.mongodb.client.model.mql.ExpressionCodecProvider@1e1237ab, com.mongodb.Jep395RecordCodecProvider@4dfdfe7d, com.mongodb.KotlinCodecProvider@1578b8ec]}, loggerSettings=LoggerSettings{maxDocumentLength=1000}, clusterSettings={hosts=[127.0.0.1:27017], srvHost=cluster0.w1nis.mongodb.net, srvServiceName=mongodb, mode=MULTIPLE, requiredClusterType=REPLICA_SET, requiredReplicaSetName='atlas-tp87g7-shard-0', serverSelector='null', clusterListeners='[]', serverSelectionTimeout='30000 ms', localThreshold='15 ms'}, socketSettings=SocketSettings{connectTimeoutMS=10000, readTimeoutMS=0, receiveBufferSize=0, proxySettings=ProxySettings{host=null, port=null, username=null, password=null}}, heartbeatSocketSettings=SocketSettings{connectTimeoutMS=10000, readTimeoutMS=10000, receiveBufferSize=0, proxySettings=ProxySettings{host=null, port=null, username=null, password=null}}, connectionPoolSettings=ConnectionPoolSettings{maxSize=100, minSize=0, maxWaitTimeMS=120000, maxConnectionLifeTimeMS=0, maxConnectionIdleTimeMS=0, maintenanceInitialDelayMS=0, maintenanceFrequencyMS=60000, connectionPoolListeners=[], maxConnecting=2}, serverSettings=ServerSettings{heartbeatFrequencyMS=10000, minHeartbeatFrequencyMS=500, serverMonitoringMode=AUTO, serverListeners='[]', serverMonitorListeners='[]'}, sslSettings=SslSettings{enabled=true, invalidHostNameAllowed=false, context=null}, applicationName='Cluster0', compressorList=[], uuidRepresentation=JAVA_LEGACY, serverApi=null, autoEncryptionSettings=null, dnsClient=null, inetAddressResolver=null, contextProvider=null, timeoutMS=null} 
24-12-23 16:04:01 [cluster-ClusterId{value='67693c983c050010f12561da', description='Cluster0'}-srv-cluster0.w1nis.mongodb.net] INFO   org.mongodb.driver.cluster ---- Adding discovered server cluster0-shard-00-01.w1nis.mongodb.net:27017 to client view of cluster 
24-12-23 16:04:01 [cluster-ClusterId{value='67693c983c050010f12561da', description='Cluster0'}-srv-cluster0.w1nis.mongodb.net] INFO   org.mongodb.driver.cluster ---- Adding discovered server cluster0-shard-00-02.w1nis.mongodb.net:27017 to client view of cluster 
24-12-23 16:04:01 [main] INFO   org.mongodb.driver.cluster ---- Waiting for server to become available for operation with ID 5. Remaining time: 29971 ms. Selector: WritableServerSelector, topology description: {type=REPLICA_SET, servers=[{address=cluster0-shard-00-01.w1nis.mongodb.net:27017, type=UNKNOWN, state=CONNECTING}, {address=cluster0-shard-00-02.w1nis.mongodb.net:27017, type=UNKNOWN, state=CONNECTING}, {address=cluster0-shard-00-00.w1nis.mongodb.net:27017, type=UNKNOWN, state=CONNECTING}]. 
24-12-23 16:04:01 [cluster-ClusterId{value='67693c983c050010f12561da', description='Cluster0'}-cluster0-shard-00-00.w1nis.mongodb.net:27017] INFO   org.mongodb.driver.cluster ---- Monitor thread successfully connected to server with description ServerDescription{address=cluster0-shard-00-00.w1nis.mongodb.net:27017, type=REPLICA_SET_SECONDARY, cryptd=false, state=CONNECTED, ok=true, minWireVersion=0, maxWireVersion=25, maxDocumentSize=16777216, logicalSessionTimeoutMinutes=30, roundTripTimeNanos=459735301, minRoundTripTimeNanos=0, setName='atlas-tp87g7-shard-0', canonicalAddress=cluster0-shard-00-00.w1nis.mongodb.net:27017, hosts=[cluster0-shard-00-00.w1nis.mongodb.net:27017, cluster0-shard-00-01.w1nis.mongodb.net:27017, cluster0-shard-00-02.w1nis.mongodb.net:27017], passives=[], arbiters=[], primary='cluster0-shard-00-02.w1nis.mongodb.net:27017', tagSet=TagSet{[Tag{name='availabilityZone', value='aps1-az1'}, Tag{name='diskState', value='READY'}, Tag{name='nodeType', value='ELECTABLE'}, Tag{name='provider', value='AWS'}, Tag{name='region', value='AP_SOUTH_1'}, Tag{name='workloadType', value='OPERATIONAL'}]}, electionId=null, setVersion=188, topologyVersion=TopologyVersion{processId=6769166f24aed70ee51aa967, counter=5}, lastWriteDate=Mon Dec 23 16:04:01 IST 2024, lastUpdateTimeNanos=16571615616800} 
24-12-23 16:04:01 [cluster-ClusterId{value='67693c983c050010f12561da', description='Cluster0'}-cluster0-shard-00-02.w1nis.mongodb.net:27017] INFO   org.mongodb.driver.cluster ---- Monitor thread successfully connected to server with description ServerDescription{address=cluster0-shard-00-02.w1nis.mongodb.net:27017, type=REPLICA_SET_PRIMARY, cryptd=false, state=CONNECTED, ok=true, minWireVersion=0, maxWireVersion=25, maxDocumentSize=16777216, logicalSessionTimeoutMinutes=30, roundTripTimeNanos=455997400, minRoundTripTimeNanos=0, setName='atlas-tp87g7-shard-0', canonicalAddress=cluster0-shard-00-02.w1nis.mongodb.net:27017, hosts=[cluster0-shard-00-00.w1nis.mongodb.net:27017, cluster0-shard-00-01.w1nis.mongodb.net:27017, cluster0-shard-00-02.w1nis.mongodb.net:27017], passives=[], arbiters=[], primary='cluster0-shard-00-02.w1nis.mongodb.net:27017', tagSet=TagSet{[Tag{name='availabilityZone', value='aps1-az2'}, Tag{name='diskState', value='READY'}, Tag{name='nodeType', value='ELECTABLE'}, Tag{name='provider', value='AWS'}, Tag{name='region', value='AP_SOUTH_1'}, Tag{name='workloadType', value='OPERATIONAL'}]}, electionId=7fffffff00000000000000ac, setVersion=188, topologyVersion=TopologyVersion{processId=6769157c451a7b3f65902e92, counter=9}, lastWriteDate=Mon Dec 23 16:04:01 IST 2024, lastUpdateTimeNanos=16571615616800} 
24-12-23 16:04:01 [cluster-ClusterId{value='67693c983c050010f12561da', description='Cluster0'}-cluster0-shard-00-01.w1nis.mongodb.net:27017] INFO   org.mongodb.driver.cluster ---- Monitor thread successfully connected to server with description ServerDescription{address=cluster0-shard-00-01.w1nis.mongodb.net:27017, type=REPLICA_SET_SECONDARY, cryptd=false, state=CONNECTED, ok=true, minWireVersion=0, maxWireVersion=25, maxDocumentSize=16777216, logicalSessionTimeoutMinutes=30, roundTripTimeNanos=460727400, minRoundTripTimeNanos=0, setName='atlas-tp87g7-shard-0', canonicalAddress=cluster0-shard-00-01.w1nis.mongodb.net:27017, hosts=[cluster0-shard-00-00.w1nis.mongodb.net:27017, cluster0-shard-00-01.w1nis.mongodb.net:27017, cluster0-shard-00-02.w1nis.mongodb.net:27017], passives=[], arbiters=[], primary='cluster0-shard-00-02.w1nis.mongodb.net:27017', tagSet=TagSet{[Tag{name='availabilityZone', value='aps1-az3'}, Tag{name='diskState', value='READY'}, Tag{name='nodeType', value='ELECTABLE'}, Tag{name='provider', value='AWS'}, Tag{name='region', value='AP_SOUTH_1'}, Tag{name='workloadType', value='OPERATIONAL'}]}, electionId=null, setVersion=188, topologyVersion=TopologyVersion{processId=676917bef2d0c227302e5cbe, counter=5}, lastWriteDate=Mon Dec 23 16:04:01 IST 2024, lastUpdateTimeNanos=16571615616899} 
24-12-23 16:04:01 [cluster-ClusterId{value='67693c983c050010f12561da', description='Cluster0'}-cluster0-shard-00-02.w1nis.mongodb.net:27017] INFO   org.mongodb.driver.cluster ---- Discovered replica set primary cluster0-shard-00-02.w1nis.mongodb.net:27017 with max election id 7fffffff00000000000000ac and max set version 188 
24-12-23 16:04:02 [main] INFO   o.s.s.c.a.a.c.InitializeAuthenticationProviderBeanManagerConfigurer$InitializeAuthenticationProviderManagerConfigurer ---- Global AuthenticationManager configured with AuthenticationProvider bean with name authenticationProvider 
24-12-23 16:04:02 [main] WARN   o.s.s.c.a.a.c.InitializeUserDetailsBeanManagerConfigurer$InitializeUserDetailsManagerConfigurer ---- Global AuthenticationManager configured with an AuthenticationProvider bean. UserDetailsService beans will not be used by Spring Security for automatically configuring username/password login. Consider removing the AuthenticationProvider bean. Alternatively, consider using the UserDetailsService in a manually instantiated DaoAuthenticationProvider. If the current configuration is intentional, to turn off this warning, increase the logging level of 'org.springframework.security.config.annotation.authentication.configuration.InitializeUserDetailsBeanManagerConfigurer' to ERROR 
24-12-23 16:04:03 [main] INFO   c.l.j.services.EmailServiceTest ---- Started EmailServiceTest in 5.73 seconds (process running for 8.373) 
24-12-23 16:04:05 [main] ERROR  c.l.journal.services.EmailService ---- Exception occurred while sending email to madanmohan44.38@gmail.com 
org.springframework.mail.MailSendException: Mail server connection failed. Failed messages: org.eclipse.angus.mail.util.MailConnectException: Couldn't connect to host, port: localhost, 25; timeout -1;
  nested exception is:
	java.net.ConnectException: Connection refused: connect
	at org.springframework.mail.javamail.JavaMailSenderImpl.doSend(JavaMailSenderImpl.java:410)
	at org.springframework.mail.javamail.JavaMailSenderImpl.send(JavaMailSenderImpl.java:317)
	at org.springframework.mail.MailSender.send(MailSender.java:42)
	at com.learning.journal.services.EmailService.sendEmail(EmailService.java:32)
	at com.learning.journal.services.EmailServiceTest.testSendEmail(EmailServiceTest.java:17)
	at java.base/jdk.internal.reflect.NativeMethodAccessorImpl.invoke0(Native Method)
	at java.base/jdk.internal.reflect.NativeMethodAccessorImpl.invoke(NativeMethodAccessorImpl.java:77)
	at java.base/jdk.internal.reflect.DelegatingMethodAccessorImpl.invoke(DelegatingMethodAccessorImpl.java:43)
	at java.base/java.lang.reflect.Method.invoke(Method.java:568)
	at org.junit.platform.commons.util.ReflectionUtils.invokeMethod(ReflectionUtils.java:767)
	at org.junit.jupiter.engine.execution.MethodInvocation.proceed(MethodInvocation.java:60)
	at org.junit.jupiter.engine.execution.InvocationInterceptorChain$ValidatingInvocation.proceed(InvocationInterceptorChain.java:131)
	at org.junit.jupiter.engine.extension.TimeoutExtension.intercept(TimeoutExtension.java:156)
	at org.junit.jupiter.engine.extension.TimeoutExtension.interceptTestableMethod(TimeoutExtension.java:147)
	at org.junit.jupiter.engine.extension.TimeoutExtension.interceptTestMethod(TimeoutExtension.java:86)
	at org.junit.jupiter.engine.execution.InterceptingExecutableInvoker$ReflectiveInterceptorCall.lambda$ofVoidMethod$0(InterceptingExecutableInvoker.java:103)
	at org.junit.jupiter.engine.execution.InterceptingExecutableInvoker.lambda$invoke$0(InterceptingExecutableInvoker.java:93)
	at org.junit.jupiter.engine.execution.InvocationInterceptorChain$InterceptedInvocation.proceed(InvocationInterceptorChain.java:106)
	at org.junit.jupiter.engine.execution.InvocationInterceptorChain.proceed(InvocationInterceptorChain.java:64)
	at org.junit.jupiter.engine.execution.InvocationInterceptorChain.chainAndInvoke(InvocationInterceptorChain.java:45)
	at org.junit.jupiter.engine.execution.InvocationInterceptorChain.invoke(InvocationInterceptorChain.java:37)
	at org.junit.jupiter.engine.execution.InterceptingExecutableInvoker.invoke(InterceptingExecutableInvoker.java:92)
	at org.junit.jupiter.engine.execution.InterceptingExecutableInvoker.invoke(InterceptingExecutableInvoker.java:86)
	at org.junit.jupiter.engine.descriptor.TestMethodTestDescriptor.lambda$invokeTestMethod$8(TestMethodTestDescriptor.java:217)
	at org.junit.platform.engine.support.hierarchical.ThrowableCollector.execute(ThrowableCollector.java:73)
	at org.junit.jupiter.engine.descriptor.TestMethodTestDescriptor.invokeTestMethod(TestMethodTestDescriptor.java:213)
	at org.junit.jupiter.engine.descriptor.TestMethodTestDescriptor.execute(TestMethodTestDescriptor.java:138)
	at org.junit.jupiter.engine.descriptor.TestMethodTestDescriptor.execute(TestMethodTestDescriptor.java:68)
	at org.junit.platform.engine.support.hierarchical.NodeTestTask.lambda$executeRecursively$6(NodeTestTask.java:156)
	at org.junit.platform.engine.support.hierarchical.ThrowableCollector.execute(ThrowableCollector.java:73)
	at org.junit.platform.engine.support.hierarchical.NodeTestTask.lambda$executeRecursively$8(NodeTestTask.java:146)
	at org.junit.platform.engine.support.hierarchical.Node.around(Node.java:137)
	at org.junit.platform.engine.support.hierarchical.NodeTestTask.lambda$executeRecursively$9(NodeTestTask.java:144)
	at org.junit.platform.engine.support.hierarchical.ThrowableCollector.execute(ThrowableCollector.java:73)
	at org.junit.platform.engine.support.hierarchical.NodeTestTask.executeRecursively(NodeTestTask.java:143)
	at org.junit.platform.engine.support.hierarchical.NodeTestTask.execute(NodeTestTask.java:100)
	at java.base/java.util.ArrayList.forEach(ArrayList.java:1511)
	at org.junit.platform.engine.support.hierarchical.SameThreadHierarchicalTestExecutorService.invokeAll(SameThreadHierarchicalTestExecutorService.java:41)
	at org.junit.platform.engine.support.hierarchical.NodeTestTask.lambda$executeRecursively$6(NodeTestTask.java:160)
	at org.junit.platform.engine.support.hierarchical.ThrowableCollector.execute(ThrowableCollector.java:73)
	at org.junit.platform.engine.support.hierarchical.NodeTestTask.lambda$executeRecursively$8(NodeTestTask.java:146)
	at org.junit.platform.engine.support.hierarchical.Node.around(Node.java:137)
	at org.junit.platform.engine.support.hierarchical.NodeTestTask.lambda$executeRecursively$9(NodeTestTask.java:144)
	at org.junit.platform.engine.support.hierarchical.ThrowableCollector.execute(ThrowableCollector.java:73)
	at org.junit.platform.engine.support.hierarchical.NodeTestTask.executeRecursively(NodeTestTask.java:143)
	at org.junit.platform.engine.support.hierarchical.NodeTestTask.execute(NodeTestTask.java:100)
	at java.base/java.util.ArrayList.forEach(ArrayList.java:1511)
	at org.junit.platform.engine.support.hierarchical.SameThreadHierarchicalTestExecutorService.invokeAll(SameThreadHierarchicalTestExecutorService.java:41)
	at org.junit.platform.engine.support.hierarchical.NodeTestTask.lambda$executeRecursively$6(NodeTestTask.java:160)
	at org.junit.platform.engine.support.hierarchical.ThrowableCollector.execute(ThrowableCollector.java:73)
	at org.junit.platform.engine.support.hierarchical.NodeTestTask.lambda$executeRecursively$8(NodeTestTask.java:146)
	at org.junit.platform.engine.support.hierarchical.Node.around(Node.java:137)
	at org.junit.platform.engine.support.hierarchical.NodeTestTask.lambda$executeRecursively$9(NodeTestTask.java:144)
	at org.junit.platform.engine.support.hierarchical.ThrowableCollector.execute(ThrowableCollector.java:73)
	at org.junit.platform.engine.support.hierarchical.NodeTestTask.executeRecursively(NodeTestTask.java:143)
	at org.junit.platform.engine.support.hierarchical.NodeTestTask.execute(NodeTestTask.java:100)
	at org.junit.platform.engine.support.hierarchical.SameThreadHierarchicalTestExecutorService.submit(SameThreadHierarchicalTestExecutorService.java:35)
	at org.junit.platform.engine.support.hierarchical.HierarchicalTestExecutor.execute(HierarchicalTestExecutor.java:57)
	at org.junit.platform.engine.support.hierarchical.HierarchicalTestEngine.execute(HierarchicalTestEngine.java:54)
	at org.junit.platform.launcher.core.EngineExecutionOrchestrator.execute(EngineExecutionOrchestrator.java:198)
	at org.junit.platform.launcher.core.EngineExecutionOrchestrator.execute(EngineExecutionOrchestrator.java:169)
	at org.junit.platform.launcher.core.EngineExecutionOrchestrator.execute(EngineExecutionOrchestrator.java:93)
	at org.junit.platform.launcher.core.EngineExecutionOrchestrator.lambda$execute$0(EngineExecutionOrchestrator.java:58)
	at org.junit.platform.launcher.core.EngineExecutionOrchestrator.withInterceptedStreams(EngineExecutionOrchestrator.java:141)
	at org.junit.platform.launcher.core.EngineExecutionOrchestrator.execute(EngineExecutionOrchestrator.java:57)
	at org.junit.platform.launcher.core.DefaultLauncher.execute(DefaultLauncher.java:103)
	at org.junit.platform.launcher.core.DefaultLauncher.execute(DefaultLauncher.java:85)
	at org.junit.platform.launcher.core.DelegatingLauncher.execute(DelegatingLauncher.java:47)
	at org.junit.platform.launcher.core.SessionPerRequestLauncher.execute(SessionPerRequestLauncher.java:63)
	at com.intellij.junit5.JUnit5IdeaTestRunner.startRunnerWithArgs(JUnit5IdeaTestRunner.java:57)
	at com.intellij.rt.junit.IdeaTestRunner$Repeater$1.execute(IdeaTestRunner.java:38)
	at com.intellij.rt.execution.junit.TestsRepeater.repeat(TestsRepeater.java:11)
	at com.intellij.rt.junit.IdeaTestRunner$Repeater.startRunnerWithArgs(IdeaTestRunner.java:35)
	at com.intellij.rt.junit.JUnitStarter.prepareStreamsAndStart(JUnitStarter.java:232)
	at com.intellij.rt.junit.JUnitStarter.main(JUnitStarter.java:55)
Caused by: org.eclipse.angus.mail.util.MailConnectException: Couldn't connect to host, port: localhost, 25; timeout -1
	at org.eclipse.angus.mail.smtp.SMTPTransport.openServer(SMTPTransport.java:2243)
	at org.eclipse.angus.mail.smtp.SMTPTransport.protocolConnect(SMTPTransport.java:729)
	at jakarta.mail.Service.connect(Service.java:345)
	at org.springframework.mail.javamail.JavaMailSenderImpl.connectTransport(JavaMailSenderImpl.java:480)
	at org.springframework.mail.javamail.JavaMailSenderImpl.doSend(JavaMailSenderImpl.java:399)
	... 74 common frames omitted
Caused by: java.net.ConnectException: Connection refused: connect
	at java.base/sun.nio.ch.Net.connect0(Native Method)
	at java.base/sun.nio.ch.Net.connect(Net.java:579)
	at java.base/sun.nio.ch.Net.connect(Net.java:568)
	at java.base/sun.nio.ch.NioSocketImpl.connect(NioSocketImpl.java:593)
	at java.base/java.net.SocksSocketImpl.connect(SocksSocketImpl.java:327)
	at java.base/java.net.Socket.connect(Socket.java:633)
	at java.base/java.net.Socket.connect(Socket.java:583)
	at org.eclipse.angus.mail.util.SocketFetcher.createSocket(SocketFetcher.java:368)
	at org.eclipse.angus.mail.util.SocketFetcher.getSocket(SocketFetcher.java:243)
	at org.eclipse.angus.mail.smtp.SMTPTransport.openServer(SMTPTransport.java:2193)
	... 78 common frames omitted
24-12-23 16:10:48 [main] INFO   o.s.t.c.s.AnnotationConfigContextLoaderUtils ---- Could not detect default configuration classes for test class [com.learning.journal.services.EmailServiceTest]: EmailServiceTest does not declare any static, non-private, non-final, nested classes annotated with @Configuration. 
24-12-23 16:10:48 [main] INFO   o.s.b.t.c.SpringBootTestContextBootstrapper ---- Found @SpringBootConfiguration com.learning.journal.JournalApplication for test class com.learning.journal.services.EmailServiceTest 
24-12-23 16:10:49 [main] INFO   c.l.j.services.EmailServiceTest ---- Starting EmailServiceTest using Java 17.0.12 with PID 16128 (started by MADAN MOHAN in C:\Workspace\code\learning\journal) 
24-12-23 16:10:49 [main] INFO   c.l.j.services.EmailServiceTest ---- The following 1 profile is active: "dev" 
24-12-23 16:10:50 [main] INFO   o.s.d.r.c.RepositoryConfigurationDelegate ---- Bootstrapping Spring Data MongoDB repositories in DEFAULT mode. 
24-12-23 16:10:50 [main] INFO   o.s.d.r.c.RepositoryConfigurationDelegate ---- Finished Spring Data repository scanning in 115 ms. Found 2 MongoDB repository interfaces. 
24-12-23 16:10:51 [cluster-ClusterId{value='67693e3333a43104290a5828', description='Cluster0'}-srv-cluster0.w1nis.mongodb.net] INFO   org.mongodb.driver.cluster ---- Adding discovered server cluster0-shard-00-00.w1nis.mongodb.net:27017 to client view of cluster 
24-12-23 16:10:51 [main] INFO   org.mongodb.driver.client ---- MongoClient with metadata {"application": {"name": "Cluster0"}, "driver": {"name": "mongo-java-driver|sync|spring-boot", "version": "5.2.1"}, "os": {"type": "Windows", "name": "Windows 11", "architecture": "amd64", "version": "10.0"}, "platform": "Java/Oracle Corporation/17.0.12+8-LTS-286"} created with settings MongoClientSettings{readPreference=primary, writeConcern=WriteConcern{w=majority, wTimeout=null ms, journal=null}, retryWrites=true, retryReads=true, readConcern=ReadConcern{level=null}, credential=MongoCredential{mechanism=null, userName='madan', source='admin', password=<hidden>, mechanismProperties=<hidden>}, transportSettings=null, commandListeners=[], codecRegistry=ProvidersCodecRegistry{codecProviders=[ValueCodecProvider{}, BsonValueCodecProvider{}, DBRefCodecProvider{}, DBObjectCodecProvider{}, DocumentCodecProvider{}, CollectionCodecProvider{}, IterableCodecProvider{}, MapCodecProvider{}, GeoJsonCodecProvider{}, GridFSFileCodecProvider{}, Jsr310CodecProvider{}, JsonObjectCodecProvider{}, BsonCodecProvider{}, EnumCodecProvider{}, com.mongodb.client.model.mql.ExpressionCodecProvider@f613067, com.mongodb.Jep395RecordCodecProvider@c1e14f, com.mongodb.KotlinCodecProvider@226de93c]}, loggerSettings=LoggerSettings{maxDocumentLength=1000}, clusterSettings={hosts=[127.0.0.1:27017], srvHost=cluster0.w1nis.mongodb.net, srvServiceName=mongodb, mode=MULTIPLE, requiredClusterType=REPLICA_SET, requiredReplicaSetName='atlas-tp87g7-shard-0', serverSelector='null', clusterListeners='[]', serverSelectionTimeout='30000 ms', localThreshold='15 ms'}, socketSettings=SocketSettings{connectTimeoutMS=10000, readTimeoutMS=0, receiveBufferSize=0, proxySettings=ProxySettings{host=null, port=null, username=null, password=null}}, heartbeatSocketSettings=SocketSettings{connectTimeoutMS=10000, readTimeoutMS=10000, receiveBufferSize=0, proxySettings=ProxySettings{host=null, port=null, username=null, password=null}}, connectionPoolSettings=ConnectionPoolSettings{maxSize=100, minSize=0, maxWaitTimeMS=120000, maxConnectionLifeTimeMS=0, maxConnectionIdleTimeMS=0, maintenanceInitialDelayMS=0, maintenanceFrequencyMS=60000, connectionPoolListeners=[], maxConnecting=2}, serverSettings=ServerSettings{heartbeatFrequencyMS=10000, minHeartbeatFrequencyMS=500, serverMonitoringMode=AUTO, serverListeners='[]', serverMonitorListeners='[]'}, sslSettings=SslSettings{enabled=true, invalidHostNameAllowed=false, context=null}, applicationName='Cluster0', compressorList=[], uuidRepresentation=JAVA_LEGACY, serverApi=null, autoEncryptionSettings=null, dnsClient=null, inetAddressResolver=null, contextProvider=null, timeoutMS=null} 
24-12-23 16:10:51 [cluster-ClusterId{value='67693e3333a43104290a5828', description='Cluster0'}-srv-cluster0.w1nis.mongodb.net] INFO   org.mongodb.driver.cluster ---- Adding discovered server cluster0-shard-00-01.w1nis.mongodb.net:27017 to client view of cluster 
24-12-23 16:10:51 [cluster-ClusterId{value='67693e3333a43104290a5828', description='Cluster0'}-srv-cluster0.w1nis.mongodb.net] INFO   org.mongodb.driver.cluster ---- Adding discovered server cluster0-shard-00-02.w1nis.mongodb.net:27017 to client view of cluster 
24-12-23 16:10:52 [main] INFO   org.mongodb.driver.cluster ---- Waiting for server to become available for operation with ID 5. Remaining time: 29967 ms. Selector: WritableServerSelector, topology description: {type=REPLICA_SET, servers=[{address=cluster0-shard-00-01.w1nis.mongodb.net:27017, type=UNKNOWN, state=CONNECTING}, {address=cluster0-shard-00-02.w1nis.mongodb.net:27017, type=UNKNOWN, state=CONNECTING}, {address=cluster0-shard-00-00.w1nis.mongodb.net:27017, type=UNKNOWN, state=CONNECTING}]. 
24-12-23 16:10:52 [cluster-ClusterId{value='67693e3333a43104290a5828', description='Cluster0'}-cluster0-shard-00-01.w1nis.mongodb.net:27017] INFO   org.mongodb.driver.cluster ---- Monitor thread successfully connected to server with description ServerDescription{address=cluster0-shard-00-01.w1nis.mongodb.net:27017, type=REPLICA_SET_SECONDARY, cryptd=false, state=CONNECTED, ok=true, minWireVersion=0, maxWireVersion=25, maxDocumentSize=16777216, logicalSessionTimeoutMinutes=30, roundTripTimeNanos=425951899, minRoundTripTimeNanos=0, setName='atlas-tp87g7-shard-0', canonicalAddress=cluster0-shard-00-01.w1nis.mongodb.net:27017, hosts=[cluster0-shard-00-00.w1nis.mongodb.net:27017, cluster0-shard-00-01.w1nis.mongodb.net:27017, cluster0-shard-00-02.w1nis.mongodb.net:27017], passives=[], arbiters=[], primary='cluster0-shard-00-02.w1nis.mongodb.net:27017', tagSet=TagSet{[Tag{name='availabilityZone', value='aps1-az3'}, Tag{name='diskState', value='READY'}, Tag{name='nodeType', value='ELECTABLE'}, Tag{name='provider', value='AWS'}, Tag{name='region', value='AP_SOUTH_1'}, Tag{name='workloadType', value='OPERATIONAL'}]}, electionId=null, setVersion=188, topologyVersion=TopologyVersion{processId=676917bef2d0c227302e5cbe, counter=5}, lastWriteDate=Mon Dec 23 16:10:52 IST 2024, lastUpdateTimeNanos=16982231096500} 
24-12-23 16:10:52 [cluster-ClusterId{value='67693e3333a43104290a5828', description='Cluster0'}-cluster0-shard-00-00.w1nis.mongodb.net:27017] INFO   org.mongodb.driver.cluster ---- Monitor thread successfully connected to server with description ServerDescription{address=cluster0-shard-00-00.w1nis.mongodb.net:27017, type=REPLICA_SET_SECONDARY, cryptd=false, state=CONNECTED, ok=true, minWireVersion=0, maxWireVersion=25, maxDocumentSize=16777216, logicalSessionTimeoutMinutes=30, roundTripTimeNanos=425726300, minRoundTripTimeNanos=0, setName='atlas-tp87g7-shard-0', canonicalAddress=cluster0-shard-00-00.w1nis.mongodb.net:27017, hosts=[cluster0-shard-00-00.w1nis.mongodb.net:27017, cluster0-shard-00-01.w1nis.mongodb.net:27017, cluster0-shard-00-02.w1nis.mongodb.net:27017], passives=[], arbiters=[], primary='cluster0-shard-00-02.w1nis.mongodb.net:27017', tagSet=TagSet{[Tag{name='availabilityZone', value='aps1-az1'}, Tag{name='diskState', value='READY'}, Tag{name='nodeType', value='ELECTABLE'}, Tag{name='provider', value='AWS'}, Tag{name='region', value='AP_SOUTH_1'}, Tag{name='workloadType', value='OPERATIONAL'}]}, electionId=null, setVersion=188, topologyVersion=TopologyVersion{processId=6769166f24aed70ee51aa967, counter=5}, lastWriteDate=Mon Dec 23 16:10:52 IST 2024, lastUpdateTimeNanos=16982231096900} 
24-12-23 16:10:52 [cluster-ClusterId{value='67693e3333a43104290a5828', description='Cluster0'}-cluster0-shard-00-02.w1nis.mongodb.net:27017] INFO   org.mongodb.driver.cluster ---- Monitor thread successfully connected to server with description ServerDescription{address=cluster0-shard-00-02.w1nis.mongodb.net:27017, type=REPLICA_SET_PRIMARY, cryptd=false, state=CONNECTED, ok=true, minWireVersion=0, maxWireVersion=25, maxDocumentSize=16777216, logicalSessionTimeoutMinutes=30, roundTripTimeNanos=422675800, minRoundTripTimeNanos=0, setName='atlas-tp87g7-shard-0', canonicalAddress=cluster0-shard-00-02.w1nis.mongodb.net:27017, hosts=[cluster0-shard-00-00.w1nis.mongodb.net:27017, cluster0-shard-00-01.w1nis.mongodb.net:27017, cluster0-shard-00-02.w1nis.mongodb.net:27017], passives=[], arbiters=[], primary='cluster0-shard-00-02.w1nis.mongodb.net:27017', tagSet=TagSet{[Tag{name='availabilityZone', value='aps1-az2'}, Tag{name='diskState', value='READY'}, Tag{name='nodeType', value='ELECTABLE'}, Tag{name='provider', value='AWS'}, Tag{name='region', value='AP_SOUTH_1'}, Tag{name='workloadType', value='OPERATIONAL'}]}, electionId=7fffffff00000000000000ac, setVersion=188, topologyVersion=TopologyVersion{processId=6769157c451a7b3f65902e92, counter=9}, lastWriteDate=Mon Dec 23 16:10:52 IST 2024, lastUpdateTimeNanos=16982231096799} 
24-12-23 16:10:52 [cluster-ClusterId{value='67693e3333a43104290a5828', description='Cluster0'}-cluster0-shard-00-02.w1nis.mongodb.net:27017] INFO   org.mongodb.driver.cluster ---- Discovered replica set primary cluster0-shard-00-02.w1nis.mongodb.net:27017 with max election id 7fffffff00000000000000ac and max set version 188 
24-12-23 16:10:53 [main] INFO   o.s.s.c.a.a.c.InitializeAuthenticationProviderBeanManagerConfigurer$InitializeAuthenticationProviderManagerConfigurer ---- Global AuthenticationManager configured with AuthenticationProvider bean with name authenticationProvider 
24-12-23 16:10:53 [main] WARN   o.s.s.c.a.a.c.InitializeUserDetailsBeanManagerConfigurer$InitializeUserDetailsManagerConfigurer ---- Global AuthenticationManager configured with an AuthenticationProvider bean. UserDetailsService beans will not be used by Spring Security for automatically configuring username/password login. Consider removing the AuthenticationProvider bean. Alternatively, consider using the UserDetailsService in a manually instantiated DaoAuthenticationProvider. If the current configuration is intentional, to turn off this warning, increase the logging level of 'org.springframework.security.config.annotation.authentication.configuration.InitializeUserDetailsBeanManagerConfigurer' to ERROR 
24-12-23 16:10:54 [main] INFO   c.l.j.services.EmailServiceTest ---- Started EmailServiceTest in 5.749 seconds (process running for 8.539) 
24-12-23 16:11:00 [main] INFO   c.l.journal.services.EmailService ---- Email sent successfully to madanmohan44.38@gmail.com 
